
2019-03-02 21:26:21.284627: I tensorflow/core/common_ru
evice.cc:1432] Found device 0 with properties:
name: GeForce GTX 970 major: 5 minor: 2 memoryClockRate
pciBusID: 0000:01:00.0
totalMemory: 3.94GiB freeMemory: 2.23GiB
2019-03-02 21:26:21.284647: I tensorflow/core/common_ru
evice.cc:1511] Adding visible gpu devices: 0
2019-03-02 21:26:21.536073: I tensorflow/core/common_ru
evice.cc:982] Device interconnect StreamExecutor with s
matrix:
2019-03-02 21:26:21.536102: I tensorflow/core/common_ru
evice.cc:988]      0
2019-03-02 21:26:21.536110: I tensorflow/core/common_ru
evice.cc:1001] 0:   N
2019-03-02 21:26:21.536345: I tensorflow/core/common_ru
evice.cc:1115] Created TensorFlow device (/job:localhos
k:0/device:GPU:0 with 1615 MB memory) -> physical GPU (
: GeForce GTX 970, pci bus id: 0000:01:00.0, compute ca
Epoch   0: top 1 accuracy on the test set is 17.35 %
Timestamp: 2019-03-02 21:27:31.099845
Epoch   1: top 1 accuracy on the test set is 33.20 %
Timestamp: 2019-03-02 21:28:30.828697
Epoch   2: top 1 accuracy on the test set is 61.46 %
Timestamp: 2019-03-02 21:29:30.173369
Epoch   3: top 1 accuracy on the test set is 61.81 %
Timestamp: 2019-03-02 21:30:29.422493
Epoch   4: top 1 accuracy on the test set is 68.53 %
Timestamp: 2019-03-02 21:31:28.673740
Epoch   5: top 1 accuracy on the test set is 63.42 %
Timestamp: 2019-03-02 21:32:28.197276
Epoch   6: top 1 accuracy on the test set is 69.48 %
Timestamp: 2019-03-02 21:33:28.693522
Epoch   7: top 1 accuracy on the test set is 75.25 %
Timestamp: 2019-03-02 21:34:29.023099
Epoch   8: top 1 accuracy on the test set is 75.03 %
Timestamp: 2019-03-02 21:35:28.527774
Epoch   9: top 1 accuracy on the test set is 76.54 %
Timestamp: 2019-03-02 21:36:27.909316
Epoch  10: top 1 accuracy on the test set is 77.59 %
Timestamp: 2019-03-02 21:37:27.177406
Epoch  11: top 1 accuracy on the test set is 77.57 %
Timestamp: 2019-03-02 21:38:27.821878
Epoch  12: top 1 accuracy on the test set is 73.68 %
Timestamp: 2019-03-02 21:39:27.906679
Epoch  13: top 1 accuracy on the test set is 81.68 %
Timestamp: 2019-03-02 21:40:30.044809
Epoch  14: top 1 accuracy on the test set is 82.56 %
Timestamp: 2019-03-02 21:41:32.943683
Epoch  15: top 1 accuracy on the test set is 80.85 %
Timestamp: 2019-03-02 21:42:35.908424
Epoch  16: top 1 accuracy on the test set is 81.33 %
Timestamp: 2019-03-02 21:43:38.866507
Epoch  17: top 1 accuracy on the test set is 79.82 %
Timestamp: 2019-03-02 21:44:41.772648
Epoch  18: top 1 accuracy on the test set is 79.11 %
Timestamp: 2019-03-02 21:45:44.700686
Epoch  19: top 1 accuracy on the test set is 78.61 %
Timestamp: 2019-03-02 21:46:47.653590
Epoch  20: top 1 accuracy on the test set is 81.35 %
Timestamp: 2019-03-02 21:47:50.581698
Epoch  21: top 1 accuracy on the test set is 82.79 %
Timestamp: 2019-03-02 21:48:53.467596
Epoch  22: top 1 accuracy on the test set is 81.20 %
Timestamp: 2019-03-02 21:49:55.497496
Epoch  23: top 1 accuracy on the test set is 83.19 %
Timestamp: 2019-03-02 21:50:58.378924
Epoch  24: top 1 accuracy on the test set is 80.67 %
Timestamp: 2019-03-02 21:52:01.326701
Epoch  25: top 1 accuracy on the test set is 85.04 %
Timestamp: 2019-03-02 21:53:04.409928
Epoch  26: top 1 accuracy on the test set is 85.18 %
Timestamp: 2019-03-02 21:54:06.987811
Epoch  27: top 1 accuracy on the test set is 76.92 %
Timestamp: 2019-03-02 21:55:09.932372
Epoch  28: top 1 accuracy on the test set is 84.01 %
Timestamp: 2019-03-02 21:56:12.884748
Epoch  29: top 1 accuracy on the test set is 84.83 %
Timestamp: 2019-03-02 21:57:15.840897
Epoch  30: top 1 accuracy on the test set is 85.14 %
Timestamp: 2019-03-02 21:58:19.212003
Epoch  31: top 1 accuracy on the test set is 83.11 %
Timestamp: 2019-03-02 21:59:22.654895
Epoch  32: top 1 accuracy on the test set is 84.81 %
Timestamp: 2019-03-02 22:00:26.099101
Epoch  33: top 1 accuracy on the test set is 85.82 %
Timestamp: 2019-03-02 22:01:29.521553
Epoch  34: top 1 accuracy on the test set is 85.64 %
Timestamp: 2019-03-02 22:02:32.875466
Epoch  35: top 1 accuracy on the test set is 83.87 %
Timestamp: 2019-03-02 22:03:36.272546
Epoch  36: top 1 accuracy on the test set is 83.09 %
Timestamp: 2019-03-02 22:04:39.709419
Epoch  37: top 1 accuracy on the test set is 85.58 %
Timestamp: 2019-03-02 22:05:43.087105
Epoch  38: top 1 accuracy on the test set is 85.54 %
Timestamp: 2019-03-02 22:06:46.461535
Epoch  39: top 1 accuracy on the test set is 84.50 %
Timestamp: 2019-03-02 22:07:49.886895
Epoch  40: top 1 accuracy on the test set is 87.24 %
Timestamp: 2019-03-02 22:08:53.349587
Epoch  41: top 1 accuracy on the test set is 83.60 %
Timestamp: 2019-03-02 22:09:56.793241
Epoch  42: top 1 accuracy on the test set is 85.79 %
Timestamp: 2019-03-02 22:11:00.125978
Epoch  43: top 1 accuracy on the test set is 83.69 %
Timestamp: 2019-03-02 22:12:00.900902
Epoch  44: top 1 accuracy on the test set is 85.12 %
Timestamp: 2019-03-02 22:13:01.267638
Epoch  45: top 1 accuracy on the test set is 85.05 %
Timestamp: 2019-03-02 22:14:03.042877
Epoch  46: top 1 accuracy on the test set is 84.87 %
Timestamp: 2019-03-02 22:15:03.716669
Epoch  47: top 1 accuracy on the test set is 85.92 %
Timestamp: 2019-03-02 22:16:03.371526
Epoch  48: top 1 accuracy on the test set is 87.04 %
Timestamp: 2019-03-02 22:17:02.939706
Epoch  49: top 1 accuracy on the test set is 86.82 %
Timestamp: 2019-03-02 22:18:02.438300
Epoch  50: top 1 accuracy on the test set is 84.88 %
Timestamp: 2019-03-02 22:19:01.966742
Epoch  51: top 1 accuracy on the test set is 85.07 %
Timestamp: 2019-03-02 22:20:01.497123
Epoch  52: top 1 accuracy on the test set is 86.95 %
Timestamp: 2019-03-02 22:21:01.007048
Epoch  53: top 1 accuracy on the test set is 87.21 %
Timestamp: 2019-03-02 22:22:00.578450
Epoch  54: top 1 accuracy on the test set is 87.35 %
Timestamp: 2019-03-02 22:23:00.133620
Epoch  55: top 1 accuracy on the test set is 86.20 %
Timestamp: 2019-03-02 22:23:59.643537
Epoch  56: top 1 accuracy on the test set is 87.13 %
Timestamp: 2019-03-02 22:24:59.166400
Epoch  57: top 1 accuracy on the test set is 85.81 %
Timestamp: 2019-03-02 22:25:58.695138
Epoch  58: top 1 accuracy on the test set is 86.21 %
Timestamp: 2019-03-02 22:26:58.277465
Epoch  59: top 1 accuracy on the test set is 86.70 %
Timestamp: 2019-03-02 22:27:57.846997
Epoch  60: top 1 accuracy on the test set is 85.70 %
Timestamp: 2019-03-02 22:28:57.370378
Epoch  61: top 1 accuracy on the test set is 86.59 %
Timestamp: 2019-03-02 22:29:56.926910
Epoch  62: top 1 accuracy on the test set is 84.28 %
Timestamp: 2019-03-02 22:30:56.420872
Epoch  63: top 1 accuracy on the test set is 86.96 %
Timestamp: 2019-03-02 22:31:55.948410
Epoch  64: top 1 accuracy on the test set is 90.80 %
Timestamp: 2019-03-02 22:32:55.595073
Epoch  65: top 1 accuracy on the test set is 90.90 %
Timestamp: 2019-03-02 22:33:55.087323
Epoch  66: top 1 accuracy on the test set is 90.98 %
Timestamp: 2019-03-02 22:34:54.630211
Epoch  67: top 1 accuracy on the test set is 91.15 %
Timestamp: 2019-03-02 22:35:54.099500
Epoch  68: top 1 accuracy on the test set is 90.92 %
Timestamp: 2019-03-02 22:36:53.601418
Epoch  69: top 1 accuracy on the test set is 90.95 %
Timestamp: 2019-03-02 22:37:53.165378
Epoch  70: top 1 accuracy on the test set is 91.02 %
Timestamp: 2019-03-02 22:38:52.747780
Epoch  71: top 1 accuracy on the test set is 91.03 %
Timestamp: 2019-03-02 22:39:52.291433
2019-03-02 22:39:52.397391: I tensorflow/core/common_runtime/gpu/g
g visible gpu devices: 0
2019-03-02 22:39:52.397433: I tensorflow/core/common_runtime/gpu/g
 interconnect StreamExecutor with strength 1 edge matrix:
2019-03-02 22:39:52.397439: I tensorflow/core/common_runtime/gpu/g

2019-03-02 22:39:52.397444: I tensorflow/core/common_runtime/gpu/g
N
2019-03-02 22:39:52.397637: I tensorflow/core/common_runtime/gpu/g
ed TensorFlow device (/job:localhost/replica:0/task:0/device:GPU:0
 physical GPU (device: 0, name: GeForce GTX 970, pci bus id: 0000:
ity: 5.2)
Predicted label: 3 and actual label: 3
QStandardPaths: XDG_RUNTIME_DIR not set, defaulting to '/tmp/runti
